{
  "date": "2026-05-31",
  "sessions": [
    {
      "session_id": 1,
      "started_at": "2026-05-31 01:27:14",
      "ended_at": "2026-05-31 02:39:15",
      "start_reason": "wake",
      "end_reason": "sleep",
      "interval_seconds": 2.0,
      "events": [
        {
          "type": "gap",
          "classification": "sleep_wake",
          "started_at": "2026-05-31 01:28:00",
          "ended_at": "2026-05-31 02:39:18",
          "duration_seconds": 4278.165,
          "sleep_event_at": "2026-05-31 02:39:15",
          "resume_event_at": "2026-05-31 02:39:15",
          "power_events": [
            {
              "type": "wake",
              "timestamp": "2026-05-31 02:39:15",
              "provider": "Microsoft-Windows-Kernel-Power",
              "event_id": 507,
              "message": "The system is exiting Modern Standby Reason: 16777224."
            },
            {
              "type": "sleep",
              "timestamp": "2026-05-31 02:39:15",
              "provider": "Microsoft-Windows-Kernel-Power",
              "event_id": 506,
              "message": "The system is entering Modern Standby Reason: 16777224."
            }
          ]
        }
      ],
      "measurements": [
        {
          "timestamp": "2026-05-31 01:27:21",
          "status_available": true,
          "charge_rate_mW": 0,
          "discharge_rate_mW": 0,
          "remaining_capacity_mWh": 74790,
          "full_charged_capacity_mWh": 74790,
          "voltage_mV": 17658,
          "charging": false,
          "power_online": true,
          "read_error": null,
          "effective_charge_rate_mW": 0,
          "effective_discharge_rate_mW": 0,
          "rate_source": "idle_or_full",
          "rate_confidence": "none",
          "rate_window_seconds": null
        },
        {
          "timestamp": "2026-05-31 01:27:23",
          "status_available": true,
          "charge_rate_mW": 0,
          "discharge_rate_mW": 0,
          "remaining_capacity_mWh": 74790,
          "full_charged_capacity_mWh": 74790,
          "voltage_mV": 17658,
          "charging": false,
          "power_online": true,
          "read_error": null,
          "effective_charge_rate_mW": 0,
          "effective_discharge_rate_mW": 0,
          "rate_source": "idle_or_full",
          "rate_confidence": "none",
          "rate_window_seconds": null
        },
        {
          "timestamp": "2026-05-31 01:27:25",
          "status_available": true,
          "charge_rate_mW": 0,
          "discharge_rate_mW": 0,
          "remaining_capacity_mWh": 74790,
          "full_charged_capacity_mWh": 74790,
          "voltage_mV": 17658,
          "charging": false,
          "power_online": true,
          "read_error": null,
          "effective_charge_rate_mW": 0,
          "effective_discharge_rate_mW": 0,
          "rate_source": "idle_or_full",
          "rate_confidence": "none",
          "rate_window_seconds": null
        },
        {
          "timestamp": "2026-05-31 01:27:27",
          "status_available": true,
          "charge_rate_mW": 0,
          "discharge_rate_mW": 0,
          "remaining_capacity_mWh": 74790,
          "full_charged_capacity_mWh": 74790,
          "voltage_mV": 17658,
          "charging": false,
          "power_online": true,
          "read_error": null,
          "effective_charge_rate_mW": 0,
          "effective_discharge_rate_mW": 0,
          "rate_source": "idle_or_full",
          "rate_confidence": "none",
          "rate_window_seconds": null
        },
        {
          "timestamp": "2026-05-31 01:27:29",
          "status_available": true,
          "charge_rate_mW": 0,
          "discharge_rate_mW": 0,
          "remaining_capacity_mWh": 74790,
          "full_charged_capacity_mWh": 74790,
          "voltage_mV": 17658,
          "charging": false,
          "power_online": true,
          "read_error": null,
          "effective_charge_rate_mW": 0,
          "effective_discharge_rate_mW": 0,
          "rate_source": "idle_or_full",
          "rate_confidence": "none",
          "rate_window_seconds": null
        },
        {
          "timestamp": "2026-05-31 01:27:31",
          "status_available": true,
          "charge_rate_mW": 0,
          "discharge_rate_mW": 0,
          "remaining_capacity_mWh": 74790,
          "full_charged_capacity_mWh": 74790,
          "voltage_mV": 17658,
          "charging": false,
          "power_online": true,
          "read_error": null,
          "effective_charge_rate_mW": 0,
          "effective_discharge_rate_mW": 0,
          "rate_source": "idle_or_full",
          "rate_confidence": "none",
          "rate_window_seconds": null
        },
        {
          "timestamp": "2026-05-31 01:27:33",
          "status_available": true,
          "charge_rate_mW": 0,
          "discharge_rate_mW": 0,
          "remaining_capacity_mWh": 74790,
          "full_charged_capacity_mWh": 74790,
          "voltage_mV": 17658,
          "charging": false,
          "power_online": true,
          "read_error": null,
          "effective_charge_rate_mW": 0,
          "effective_discharge_rate_mW": 0,
          "rate_source": "idle_or_full",
          "rate_confidence": "none",
          "rate_window_seconds": null
        },
        {
          "timestamp": "2026-05-31 01:27:35",
          "status_available": true,
          "charge_rate_mW": 0,
          "discharge_rate_mW": 0,
          "remaining_capacity_mWh": 74790,
          "full_charged_capacity_mWh": 74790,
          "voltage_mV": 17658,
          "charging": false,
          "power_online": true,
          "read_error": null,
          "effective_charge_rate_mW": 0,
          "effective_discharge_rate_mW": 0,
          "rate_source": "idle_or_full",
          "rate_confidence": "none",
          "rate_window_seconds": null
        },
        {
          "timestamp": "2026-05-31 01:27:37",
          "status_available": true,
          "charge_rate_mW": 0,
          "discharge_rate_mW": 0,
          "remaining_capacity_mWh": 74790,
          "full_charged_capacity_mWh": 74790,
          "voltage_mV": 17658,
          "charging": false,
          "power_online": true,
          "read_error": null,
          "effective_charge_rate_mW": 0,
          "effective_discharge_rate_mW": 0,
          "rate_source": "idle_or_full",
          "rate_confidence": "none",
          "rate_window_seconds": null
        },
        {
          "timestamp": "2026-05-31 01:27:39",
          "status_available": true,
          "charge_rate_mW": 0,
          "discharge_rate_mW": 0,
          "remaining_capacity_mWh": 74790,
          "full_charged_capacity_mWh": 74790,
          "voltage_mV": 17658,
          "charging": false,
          "power_online": true,
          "read_error": null,
          "effective_charge_rate_mW": 0,
          "effective_discharge_rate_mW": 0,
          "rate_source": "idle_or_full",
          "rate_confidence": "none",
          "rate_window_seconds": null
        },
        {
          "timestamp": "2026-05-31 01:27:41",
          "status_available": true,
          "charge_rate_mW": 0,
          "discharge_rate_mW": 0,
          "remaining_capacity_mWh": 74790,
          "full_charged_capacity_mWh": 74790,
          "voltage_mV": 17658,
          "charging": false,
          "power_online": true,
          "read_error": null,
          "effective_charge_rate_mW": 0,
          "effective_discharge_rate_mW": 0,
          "rate_source": "idle_or_full",
          "rate_confidence": "none",
          "rate_window_seconds": null
        },
        {
          "timestamp": "2026-05-31 01:27:43",
          "status_available": true,
          "charge_rate_mW": 0,
          "discharge_rate_mW": 0,
          "remaining_capacity_mWh": 74790,
          "full_charged_capacity_mWh": 74790,
          "voltage_mV": 17658,
          "charging": false,
          "power_online": true,
          "read_error": null,
          "effective_charge_rate_mW": 0,
          "effective_discharge_rate_mW": 0,
          "rate_source": "idle_or_full",
          "rate_confidence": "none",
          "rate_window_seconds": null
        },
        {
          "timestamp": "2026-05-31 01:27:46",
          "status_available": true,
          "charge_rate_mW": 0,
          "discharge_rate_mW": 0,
          "remaining_capacity_mWh": 74790,
          "full_charged_capacity_mWh": 74790,
          "voltage_mV": 17658,
          "charging": false,
          "power_online": true,
          "read_error": null,
          "effective_charge_rate_mW": 0,
          "effective_discharge_rate_mW": 0,
          "rate_source": "idle_or_full",
          "rate_confidence": "none",
          "rate_window_seconds": null
        },
        {
          "timestamp": "2026-05-31 01:27:48",
          "status_available": true,
          "charge_rate_mW": 0,
          "discharge_rate_mW": 0,
          "remaining_capacity_mWh": 74790,
          "full_charged_capacity_mWh": 74790,
          "voltage_mV": 17658,
          "charging": false,
          "power_online": true,
          "read_error": null,
          "effective_charge_rate_mW": 0,
          "effective_discharge_rate_mW": 0,
          "rate_source": "idle_or_full",
          "rate_confidence": "none",
          "rate_window_seconds": null
        },
        {
          "timestamp": "2026-05-31 01:27:50",
          "status_available": true,
          "charge_rate_mW": 0,
          "discharge_rate_mW": 0,
          "remaining_capacity_mWh": 74790,
          "full_charged_capacity_mWh": 74790,
          "voltage_mV": 17658,
          "charging": false,
          "power_online": true,
          "read_error": null,
          "effective_charge_rate_mW": 0,
          "effective_discharge_rate_mW": 0,
          "rate_source": "idle_or_full",
          "rate_confidence": "none",
          "rate_window_seconds": null
        },
        {
          "timestamp": "2026-05-31 01:27:52",
          "status_available": true,
          "charge_rate_mW": 0,
          "discharge_rate_mW": 0,
          "remaining_capacity_mWh": 74790,
          "full_charged_capacity_mWh": 74790,
          "voltage_mV": 17658,
          "charging": false,
          "power_online": true,
          "read_error": null,
          "effective_charge_rate_mW": 0,
          "effective_discharge_rate_mW": 0,
          "rate_source": "idle_or_full",
          "rate_confidence": "none",
          "rate_window_seconds": null
        },
        {
          "timestamp": "2026-05-31 01:27:54",
          "status_available": true,
          "charge_rate_mW": 0,
          "discharge_rate_mW": 0,
          "remaining_capacity_mWh": 74790,
          "full_charged_capacity_mWh": 74790,
          "voltage_mV": 17658,
          "charging": false,
          "power_online": true,
          "read_error": null,
          "effective_charge_rate_mW": 0,
          "effective_discharge_rate_mW": 0,
          "rate_source": "idle_or_full",
          "rate_confidence": "none",
          "rate_window_seconds": null
        },
        {
          "timestamp": "2026-05-31 01:27:56",
          "status_available": true,
          "charge_rate_mW": 0,
          "discharge_rate_mW": 0,
          "remaining_capacity_mWh": 74790,
          "full_charged_capacity_mWh": 74790,
          "voltage_mV": 17658,
          "charging": false,
          "power_online": true,
          "read_error": null,
          "effective_charge_rate_mW": 0,
          "effective_discharge_rate_mW": 0,
          "rate_source": "idle_or_full",
          "rate_confidence": "none",
          "rate_window_seconds": null
        },
        {
          "timestamp": "2026-05-31 01:27:58",
          "status_available": true,
          "charge_rate_mW": 0,
          "discharge_rate_mW": 0,
          "remaining_capacity_mWh": 74790,
          "full_charged_capacity_mWh": 74790,
          "voltage_mV": 17658,
          "charging": false,
          "power_online": true,
          "read_error": null,
          "effective_charge_rate_mW": 0,
          "effective_discharge_rate_mW": 0,
          "rate_source": "idle_or_full",
          "rate_confidence": "none",
          "rate_window_seconds": null
        },
        {
          "timestamp": "2026-05-31 01:28:00",
          "status_available": true,
          "charge_rate_mW": 0,
          "discharge_rate_mW": 0,
          "remaining_capacity_mWh": 74790,
          "full_charged_capacity_mWh": 74790,
          "voltage_mV": 17658,
          "charging": false,
          "power_online": true,
          "read_error": null,
          "effective_charge_rate_mW": 0,
          "effective_discharge_rate_mW": 0,
          "rate_source": "idle_or_full",
          "rate_confidence": "none",
          "rate_window_seconds": null
        }
      ],
      "previous_gap": {
        "type": "gap",
        "classification": "sleep_wake",
        "started_at": "2026-05-30 21:44:22",
        "ended_at": "2026-05-31 01:27:18",
        "duration_seconds": 13376.139,
        "sleep_event_at": "2026-05-31 01:27:14",
        "resume_event_at": "2026-05-31 01:27:14",
        "power_events": [
          {
            "type": "wake",
            "timestamp": "2026-05-31 01:27:14",
            "provider": "Microsoft-Windows-Kernel-Power",
            "event_id": 507,
            "message": "The system is exiting Modern Standby Reason: 16777224."
          },
          {
            "type": "sleep",
            "timestamp": "2026-05-31 01:27:14",
            "provider": "Microsoft-Windows-Kernel-Power",
            "event_id": 506,
            "message": "The system is entering Modern Standby Reason: 16777224."
          }
        ]
      },
      "last_updated_at": "2026-05-31 01:28:00",
      "last_write_error": null
    },
    {
      "session_id": 2,
      "started_at": "2026-05-31 02:39:15",
      "ended_at": null,
      "start_reason": "wake",
      "end_reason": null,
      "interval_seconds": 2.0,
      "events": [],
      "measurements": [
        {
          "timestamp": "2026-05-31 02:39:20",
          "status_available": true,
          "charge_rate_mW": 0,
          "discharge_rate_mW": 0,
          "remaining_capacity_mWh": 74790,
          "full_charged_capacity_mWh": 74790,
          "voltage_mV": 17657,
          "charging": false,
          "power_online": true,
          "read_error": null,
          "effective_charge_rate_mW": 0,
          "effective_discharge_rate_mW": 0,
          "rate_source": "idle_or_full",
          "rate_confidence": "none",
          "rate_window_seconds": null
        },
        {
          "timestamp": "2026-05-31 02:39:22",
          "status_available": true,
          "charge_rate_mW": 0,
          "discharge_rate_mW": 0,
          "remaining_capacity_mWh": 74790,
          "full_charged_capacity_mWh": 74790,
          "voltage_mV": 17657,
          "charging": false,
          "power_online": true,
          "read_error": null,
          "effective_charge_rate_mW": 0,
          "effective_discharge_rate_mW": 0,
          "rate_source": "idle_or_full",
          "rate_confidence": "none",
          "rate_window_seconds": null
        },
        {
          "timestamp": "2026-05-31 02:39:24",
          "status_available": true,
          "charge_rate_mW": 0,
          "discharge_rate_mW": 0,
          "remaining_capacity_mWh": 74790,
          "full_charged_capacity_mWh": 74790,
          "voltage_mV": 17657,
          "charging": false,
          "power_online": true,
          "read_error": null,
          "effective_charge_rate_mW": 0,
          "effective_discharge_rate_mW": 0,
          "rate_source": "idle_or_full",
          "rate_confidence": "none",
          "rate_window_seconds": null
        },
        {
          "timestamp": "2026-05-31 02:39:26",
          "status_available": true,
          "charge_rate_mW": 0,
          "discharge_rate_mW": 0,
          "remaining_capacity_mWh": 74790,
          "full_charged_capacity_mWh": 74790,
          "voltage_mV": 17657,
          "charging": false,
          "power_online": true,
          "read_error": null,
          "effective_charge_rate_mW": 0,
          "effective_discharge_rate_mW": 0,
          "rate_source": "idle_or_full",
          "rate_confidence": "none",
          "rate_window_seconds": null
        },
        {
          "timestamp": "2026-05-31 02:39:28",
          "status_available": true,
          "charge_rate_mW": 0,
          "discharge_rate_mW": 0,
          "remaining_capacity_mWh": 74790,
          "full_charged_capacity_mWh": 74790,
          "voltage_mV": 17657,
          "charging": false,
          "power_online": true,
          "read_error": null,
          "effective_charge_rate_mW": 0,
          "effective_discharge_rate_mW": 0,
          "rate_source": "idle_or_full",
          "rate_confidence": "none",
          "rate_window_seconds": null
        },
        {
          "timestamp": "2026-05-31 02:39:30",
          "status_available": true,
          "charge_rate_mW": 0,
          "discharge_rate_mW": 0,
          "remaining_capacity_mWh": 74790,
          "full_charged_capacity_mWh": 74790,
          "voltage_mV": 17657,
          "charging": false,
          "power_online": true,
          "read_error": null,
          "effective_charge_rate_mW": 0,
          "effective_discharge_rate_mW": 0,
          "rate_source": "idle_or_full",
          "rate_confidence": "none",
          "rate_window_seconds": null
        },
        {
          "timestamp": "2026-05-31 02:39:32",
          "status_available": true,
          "charge_rate_mW": 0,
          "discharge_rate_mW": 0,
          "remaining_capacity_mWh": 74790,
          "full_charged_capacity_mWh": 74790,
          "voltage_mV": 17657,
          "charging": false,
          "power_online": true,
          "read_error": null,
          "effective_charge_rate_mW": 0,
          "effective_discharge_rate_mW": 0,
          "rate_source": "idle_or_full",
          "rate_confidence": "none",
          "rate_window_seconds": null
        },
        {
          "timestamp": "2026-05-31 02:39:35",
          "status_available": true,
          "charge_rate_mW": 0,
          "discharge_rate_mW": 0,
          "remaining_capacity_mWh": 74790,
          "full_charged_capacity_mWh": 74790,
          "voltage_mV": 17657,
          "charging": false,
          "power_online": true,
          "read_error": null,
          "effective_charge_rate_mW": 0,
          "effective_discharge_rate_mW": 0,
          "rate_source": "idle_or_full",
          "rate_confidence": "none",
          "rate_window_seconds": null
        },
        {
          "timestamp": "2026-05-31 02:39:37",
          "status_available": true,
          "charge_rate_mW": 0,
          "discharge_rate_mW": 0,
          "remaining_capacity_mWh": 74790,
          "full_charged_capacity_mWh": 74790,
          "voltage_mV": 17657,
          "charging": false,
          "power_online": true,
          "read_error": null,
          "effective_charge_rate_mW": 0,
          "effective_discharge_rate_mW": 0,
          "rate_source": "idle_or_full",
          "rate_confidence": "none",
          "rate_window_seconds": null
        },
        {
          "timestamp": "2026-05-31 02:39:39",
          "status_available": true,
          "charge_rate_mW": 0,
          "discharge_rate_mW": 0,
          "remaining_capacity_mWh": 74790,
          "full_charged_capacity_mWh": 74790,
          "voltage_mV": 17657,
          "charging": false,
          "power_online": true,
          "read_error": null,
          "effective_charge_rate_mW": 0,
          "effective_discharge_rate_mW": 0,
          "rate_source": "idle_or_full",
          "rate_confidence": "none",
          "rate_window_seconds": null
        },
        {
          "timestamp": "2026-05-31 02:39:41",
          "status_available": true,
          "charge_rate_mW": 0,
          "discharge_rate_mW": 0,
          "remaining_capacity_mWh": 74790,
          "full_charged_capacity_mWh": 74790,
          "voltage_mV": 17657,
          "charging": false,
          "power_online": true,
          "read_error": null,
          "effective_charge_rate_mW": 0,
          "effective_discharge_rate_mW": 0,
          "rate_source": "idle_or_full",
          "rate_confidence": "none",
          "rate_window_seconds": null
        },
        {
          "timestamp": "2026-05-31 02:39:43",
          "status_available": true,
          "charge_rate_mW": 0,
          "discharge_rate_mW": 0,
          "remaining_capacity_mWh": 74790,
          "full_charged_capacity_mWh": 74790,
          "voltage_mV": 17657,
          "charging": false,
          "power_online": true,
          "read_error": null,
          "effective_charge_rate_mW": 0,
          "effective_discharge_rate_mW": 0,
          "rate_source": "idle_or_full",
          "rate_confidence": "none",
          "rate_window_seconds": null
        },
        {
          "timestamp": "2026-05-31 02:39:46",
          "status_available": true,
          "charge_rate_mW": 0,
          "discharge_rate_mW": 0,
          "remaining_capacity_mWh": 74790,
          "full_charged_capacity_mWh": 74790,
          "voltage_mV": 17657,
          "charging": false,
          "power_online": true,
          "read_error": null,
          "effective_charge_rate_mW": 0,
          "effective_discharge_rate_mW": 0,
          "rate_source": "idle_or_full",
          "rate_confidence": "none",
          "rate_window_seconds": null
        },
        {
          "timestamp": "2026-05-31 02:39:48",
          "status_available": true,
          "charge_rate_mW": 0,
          "discharge_rate_mW": 0,
          "remaining_capacity_mWh": 74790,
          "full_charged_capacity_mWh": 74790,
          "voltage_mV": 17657,
          "charging": false,
          "power_online": true,
          "read_error": null,
          "effective_charge_rate_mW": 0,
          "effective_discharge_rate_mW": 0,
          "rate_source": "idle_or_full",
          "rate_confidence": "none",
          "rate_window_seconds": null
        },
        {
          "timestamp": "2026-05-31 02:39:50",
          "status_available": true,
          "charge_rate_mW": 0,
          "discharge_rate_mW": 0,
          "remaining_capacity_mWh": 74790,
          "full_charged_capacity_mWh": 74790,
          "voltage_mV": 17657,
          "charging": false,
          "power_online": true,
          "read_error": null,
          "effective_charge_rate_mW": 0,
          "effective_discharge_rate_mW": 0,
          "rate_source": "idle_or_full",
          "rate_confidence": "none",
          "rate_window_seconds": null
        }
      ],
      "previous_gap": {
        "type": "gap",
        "classification": "sleep_wake",
        "started_at": "2026-05-31 01:28:00",
        "ended_at": "2026-05-31 02:39:18",
        "duration_seconds": 4278.165,
        "sleep_event_at": "2026-05-31 02:39:15",
        "resume_event_at": "2026-05-31 02:39:15",
        "power_events": [
          {
            "type": "wake",
            "timestamp": "2026-05-31 02:39:15",
            "provider": "Microsoft-Windows-Kernel-Power",
            "event_id": 507,
            "message": "The system is exiting Modern Standby Reason: 16777224."
          },
          {
            "type": "sleep",
            "timestamp": "2026-05-31 02:39:15",
            "provider": "Microsoft-Windows-Kernel-Power",
            "event_id": 506,
            "message": "The system is entering Modern Standby Reason: 16777224."
          }
        ]
      },
      "last_updated_at": "2026-05-31 02:39:50",
      "last_write_error": null
    }
  ]
}
